Copyright 1986-2020 Xilinx, Inc. All Rights Reserved.
------------------------------------------------------------------------------------
| Tool Version : Vivado v.2020.1 (lin64) Build 2902540 Wed May 27 19:54:35 MDT 2020
| Date         : Tue May 10 19:23:03 2022
| Host         : ubuntu running 64-bit Ubuntu 18.04.6 LTS
| Command      : upgrade_ip
| Device       : xc7k160tffg676-2L
------------------------------------------------------------------------------------

Upgrade Log for IP 'RegFiles'

1. Summary
----------

SUCCESS in the upgrade of RegFiles (user.org:user:Reg:1.0) from (Rev. 2) to (Rev. 3)






Copyright 1986-2020 Xilinx, Inc. All Rights Reserved.
------------------------------------------------------------------------------------
| Tool Version : Vivado v.2020.1 (lin64) Build 2902540 Wed May 27 19:54:35 MDT 2020
| Date         : Wed May  4 17:11:22 2022
| Host         : ubuntu running 64-bit Ubuntu 18.04.6 LTS
| Command      : upgrade_ip
| Device       : xc7k160tffg676-2L
------------------------------------------------------------------------------------

Upgrade Log for IP 'control_logic_0'

1. Summary
----------

CAUTION (success, with warnings) in the conversion of control_logic_0 (user.org:user:control_logic:1.0 (Rev. 2)) to Vivado generation flows.

After upgrade, an IP may have parameter and port differences compared to the original customization. Please review the parameters within the IP customization GUI to ensure proper functionality. Also, please review the updated IP instantiation template to ensure proper connectivity, and update your design if required.

2. Connection Warnings
----------------------

Detected external port differences while upgrading 'control_logic_0'. These changes may impact your design.


-Upgrade has removed port 'inst'

-Upgrade has added port 'funct3'

-Upgrade has added port 'funct7'

-Upgrade has added port 'opcode'







Copyright 1986-2020 Xilinx, Inc. All Rights Reserved.
------------------------------------------------------------------------------------
| Tool Version : Vivado v.2020.1 (lin64) Build 2902540 Wed May 27 19:54:35 MDT 2020
| Date         : Wed May  4 16:56:25 2022
| Host         : ubuntu running 64-bit Ubuntu 18.04.6 LTS
| Command      : upgrade_ip
| Device       : xc7k160tffg676-2L
------------------------------------------------------------------------------------

Upgrade Log for IP 'control_logic_0'

1. Summary
----------

SUCCESS in the conversion of control_logic_0 (user.org:user:control_logic:1.0 (Rev. 2)) to Vivado generation flows.

